20231114	15:27:26	42bbddcb-654d-4124-8d71-2e5b7c0e2ad6	GET	/files	undefined
20231114	15:27:26	c104ab17-ae80-4f09-ade9-d7eae493572f	GET	/css/style.css	undefined
20231114	15:27:31	9a1844e0-7980-404b-bfd1-bc9cf01c2fb6	GET	/	undefined
20231114	15:27:31	c550f070-e6f1-4f1a-b1e0-58dbb383ef59	GET	/css/style.css	undefined
20231114	16:04:21	04b70fc4-b0e4-42ad-8d54-e629e6247503	GET	/	undefined
20231114	16:04:21	9e4a6d08-50e4-4a64-a8f4-cc9d887325d0	GET	/css/style.css	undefined
20231114	16:04:21	5865479b-870a-4c88-a389-84834e91b40e	GET	/favicon.ico	undefined
20231114	18:14:48	d359f5fc-36f7-4116-a938-3532f8fc5dc4	GET	/users	undefined
20231114	18:18:29	75705855-c995-4c45-8429-e4842191a415	POST	/users	undefined
20231114	18:18:32	144259b2-d08f-45af-9f4a-6780b2a38b77	POST	/users	undefined
20231114	18:18:42	fc057ea0-b9f4-4f38-8e6e-9e631afaa03d	POST	/users	undefined
20231114	18:21:53	7ec0dcc4-a116-40a6-b533-0b13f343e304	POST	/users	undefined
20231114	18:22:04	961f6585-a744-44a3-aad4-c48d18418eb4	POST	/users	undefined
20231114	18:22:31	60fb996e-3776-4e0c-825a-36b106712a22	GET	/users	undefined
20231114	18:22:35	08939144-9013-4392-8bdd-2b86882325a5	POST	/users	undefined
20231114	18:23:28	2c376cee-f989-4e11-8ddb-cef8d01e55ac	POST	/users	undefined
20231114	18:23:30	ab009209-2542-4c73-b544-08c17880a4cc	POST	/users	undefined
20231114	18:23:34	d420e148-1cc4-4375-8ea5-249c995b423f	POST	/users	undefined
20231114	18:23:35	2b28ea88-b899-4a1f-b194-4081f4f92f18	POST	/users	undefined
20231114	18:23:35	b138128c-d1e2-47c9-9fdb-92316157c11b	POST	/users	undefined
20231114	18:23:36	adf6c24f-11d9-4df8-9429-06efe493e1a4	POST	/users	undefined
20231114	18:23:36	91d4ab1b-e048-425d-a50b-e00f4e54776d	POST	/users	undefined
20231114	18:23:37	a6ecafea-6687-4038-96e8-da72e004e111	POST	/users	undefined
20231114	18:23:37	200d96ab-3b45-4057-9669-5a4b94795fa4	POST	/users	undefined
20231114	18:23:38	372ae2e2-960a-45c4-95f0-9dd33baf6081	POST	/users	undefined
20231114	18:24:20	c014872d-0547-4c1c-b815-7ed5623cacc2	POST	/users	undefined
20231114	18:24:37	811efca1-32fe-40a3-a214-4877ed9014ca	GET	/users	undefined
20231114	18:25:37	ac2ea491-d2e1-426c-b74e-5eecb75352e8	POST	/users	undefined
20231114	18:26:08	c2d90a1e-5d7d-482c-9a3d-b60a7df006f5	POST	/users	undefined
20231114	18:26:26	723d11ff-f79a-408f-a0ad-39e478cedf78	POST	/users	undefined
20231114	18:33:40	ca854080-6a7d-413e-ba33-17062512fc3b	GET	/users	undefined
20231114	18:33:51	e0098e98-e28c-432d-8b7b-0eb881a8d4df	DELETE	/users	undefined
20231114	18:33:57	d776c22c-7905-49e3-9722-93f6a635f02d	DELETE	/users	undefined
20231114	18:34:16	04d82ad6-9988-422e-b951-0ec4422aa182	DELETE	/users	undefined
20231114	18:34:24	95083800-b031-440f-8c76-4ce3f691eb8b	GET	/users	undefined
20231114	18:34:41	1a3e9341-9267-4e60-8fd7-b750fbdc132b	POST	/users	undefined
20231114	18:34:45	30d61d70-17d7-45db-b175-eca382252f7d	POST	/users	undefined
20231114	18:34:45	ec2e12af-2e97-4bb9-a224-f6409f0a9eb2	POST	/users	undefined
20231114	18:35:29	ff808bdf-bdf8-4bbe-9ff3-254a44fe0416	POST	/users	undefined
20231114	18:35:35	34de7f3b-14e3-4066-9c7a-907bc848f5d6	POST	/users	undefined
20231114	18:35:41	8e90b31f-859f-4a19-b444-bd76d6624707	DELETE	/users	undefined
20231114	18:35:45	ef414139-5227-4fc1-b839-acb6dcd91b3d	GET	/users	undefined
20231114	18:36:02	2e596768-bad9-4f3f-9179-4a8aa196979f	GET	/users	undefined
20231114	18:36:06	0d476256-e1f9-4f68-9ce9-99fdc04252fc	DELETE	/users	undefined
20231114	18:36:16	a6f40fe1-a601-4831-8e94-a2f46a017f4f	GET	/users	undefined
20231114	18:37:11	771c57f3-6825-4851-a0ba-2d4e026e2486	DELETE	/users	undefined
20231114	18:37:15	49ba97ae-dd9c-4807-bb3f-82e913a1f732	GET	/users	undefined
20231114	18:37:33	597b3fd6-285f-4d72-96d3-c030464bac64	DELETE	/users	undefined
20231114	18:39:24	4131804e-8bba-4a7f-8231-5a43b3162813	POST	/users	undefined
20231114	18:39:27	7f9d2c2f-7a5e-4eb3-b965-143504f7c818	DELETE	/users	undefined
20231114	18:39:29	29ad07db-6b84-404e-9383-038b01615869	GET	/users	undefined
20231114	18:39:42	8e3bf99e-61af-4506-8e66-e827d14df519	DELETE	/users	undefined
20231114	18:41:14	aae97df0-29f8-4edb-ae6e-e7e1fa8bd3c8	GET	/users	undefined
20231114	18:41:17	c29f4946-1e69-458c-8bb6-ca7c3fa4a50b	POST	/users	undefined
20231114	18:41:20	12dfa27c-2744-426b-807d-169eab629dff	GET	/users	undefined
20231114	18:41:30	9a66d15e-efbc-465e-9b1d-f87af1861949	DELETE	/users	undefined
20231114	18:46:22	38440164-0497-4a3f-9623-fe3d0d3e192c	POST	/users	undefined
20231114	18:46:24	b1014cde-73c7-4d51-abf5-8ae0c6fb544d	GET	/users	undefined
20231114	18:46:32	39c3f201-2687-4caa-a5fe-a52d0ab6d25f	DELETE	/users	undefined
20231114	18:47:17	ebcfebb1-1366-4d3a-8bf8-73ed5e21af67	POST	/users	undefined
20231114	18:47:20	3840714d-ce26-4d8e-937c-74d9c6c2737f	GET	/users	undefined
20231114	18:47:27	92d1e578-03bd-4471-92d7-fb602d0c3ce7	DELETE	/users	undefined
20231114	18:55:24	942e5376-87c8-46cc-b56c-0addce77c749	GET	/notes	undefined
20231114	18:57:00	ae03ba0d-e364-4f44-bcb0-6ec4a6555982	GET	/notes	undefined
20231114	18:57:02	c1604e79-8bb1-4088-8426-ffb19ceaa117	GET	/notes	undefined
20231114	18:57:37	4259eb07-0c50-4651-83fa-e9f45ce8f573	GET	/notes	undefined
20231114	18:57:38	f4f6bfdd-90b4-4d1e-ac61-0a7caec49ae1	GET	/notes	undefined
20231114	18:57:39	8c4ac416-81f4-4112-aa84-7a9eaf0e88bf	GET	/notes	undefined
20231114	18:57:40	fc490b6b-415c-435f-b122-e8f61ade6e27	GET	/notes	undefined
20231114	18:57:50	640be2dc-f1b0-4dc9-baa9-57443711afef	GET	/notes	undefined
20231114	18:59:15	dfae392a-5069-486a-bd9e-af36452310ed	GET	/notes	undefined
20231114	19:01:37	f21c11ca-c356-42bd-9295-1d007577995c	GET	/notes	undefined
20231114	19:08:17	e21b7d36-7474-4803-b1da-b0f99646d3cc	POST	/notes	undefined
20231114	19:08:52	0d3c9f7c-4c67-4de1-89be-01e29fe39a54	POST	/notes	undefined
20231114	19:12:10	2b599cc8-0f70-44de-b0ec-ec5090ee38ed	GET	/users	undefined
20231114	19:12:29	b5e4da2b-a342-4997-9202-6c5ffcf576d1	GET	/users	undefined
20231114	19:12:32	14a38b8b-2b1c-4562-a3c6-eed626b60361	POST	/users	undefined
20231114	19:12:41	2d1d4e63-d28a-4167-891f-cec995855512	POST	/users	undefined
20231114	19:12:43	690cf80c-269b-4c41-b8e8-001099be52d6	POST	/users	undefined
20231114	19:12:48	0d3daa38-ee4a-451e-9e5e-5f62d385cce0	GET	/users	undefined
20231114	19:13:21	b7f3e7cd-da7d-45d6-96f6-96250009abe3	POST	/notes	undefined
20231114	19:14:51	dfe8abcf-9ec7-4341-9bd3-c90963142a76	POST	/notes	undefined
20231114	19:15:08	1283368b-c35a-462a-8091-c125c55da89c	POST	/notes	undefined
20231114	19:15:47	3e0daedb-a131-4d95-89b7-e74878627439	POST	/notes	undefined
20231114	19:15:51	c3131958-521c-4bc1-902d-80fcb55552d8	POST	/notes	undefined
20231114	19:16:58	cfce7c3d-fca3-4e26-980a-43dfc778200c	POST	/notes	undefined
20231114	19:17:03	e17203c5-fa29-40bb-bb66-5d1033c276d8	POST	/notes	undefined
20231114	19:17:07	2d78a330-2cc8-4e3d-9a50-e34554a37b00	POST	/notes	undefined
20231114	19:19:00	e052c355-8aec-49b0-ac18-e36138ebe3b9	POST	/notes	undefined
20231114	19:19:07	dda6b06e-67e8-4070-b20d-14ca93a56dff	POST	/notes	undefined
20231114	19:20:03	38a4f749-b42e-4f35-b7db-5c462a46d994	POST	/notes	undefined
20231114	19:21:05	f83d56d8-655b-4f48-a5e6-54af3d6e1d6e	POST	/notes	undefined
20231114	19:22:13	523ef9f8-214b-45d4-a149-82959b18782a	GET	/users	undefined
20231114	19:22:18	fa01bac7-0b71-4658-b0da-76d5bd336e8d	GET	/users	undefined
20231114	19:22:29	c3e7e801-07f4-443a-942b-3376faca6821	POST	/notes	undefined
20231114	19:24:16	767ae0b7-6cab-4609-b8bf-a2606f996fdd	POST	/notes	undefined
20231114	19:25:07	e58b8550-016c-433c-8157-148716b94371	POST	/notes	undefined
20231114	19:25:47	42453098-a0f5-4638-842f-8ea5a67320f2	POST	/notes	undefined
20231114	19:28:08	0d56c8c7-b8cd-4adb-8ae6-056d719d2fe3	POST	/notes	undefined
20231114	19:29:23	624d53dd-af88-4e2b-9b7b-b68cdc6f37a1	GET	/notes	undefined
20231114	19:29:27	9febf707-2927-49b9-9ad8-144e16396306	GET	/notes	undefined
20231114	19:30:27	96d895ca-6df0-42ee-a0e3-796811bcb2a7	POST	/notes	undefined
20231114	19:32:12	6a6e9788-6923-4a9a-bdeb-d7330e4bd42d	GET	/users	undefined
20231114	19:32:22	3a8c1f6f-6f01-4aab-893f-d2257904612c	POST	/users	undefined
20231114	19:32:27	80fc6c8e-e16c-4419-8db6-da383f2e9dfc	POST	/notes	undefined
20231114	19:33:17	d6a72479-fb63-4665-85d0-ad4f7cca1e5f	POST	/notes	undefined
20231114	19:33:25	ad704ead-1ef9-4554-91b4-292744881478	POST	/notes	undefined
20231114	19:33:47	44e88c8c-920d-4a08-8b12-b1cba1d0cc59	POST	/notes	undefined
20231114	19:35:44	9202ff16-3b08-4479-8069-bb5d86cd8e59	GET	/notes	undefined
20231114	19:35:50	dd6c0c94-fdb0-4994-bc1b-ac6fbf7d2bf7	POST	/notes	undefined
20231114	19:51:00	430376b3-f3d3-4fbe-9d20-b1d708a5548d	POST	/notes	undefined
20231114	19:51:21	5eb9aeba-4f1a-4d4a-8008-badf9789c431	POST	/notes	undefined
20231114	19:52:26	7e5b55e7-cacd-4a44-835e-0407c7488b8c	POST	/users	undefined
20231114	19:52:39	927075eb-ef81-46b4-9442-3fedf746a9b9	GET	/users	undefined
20231114	19:53:20	d88fb82f-53eb-4712-8e48-32b9d6d64c24	POST	/notes	undefined
20231114	19:54:35	2099a3a6-66fc-4aef-a9e2-b50edac2d9c4	POST	/notes	undefined
20231114	19:54:48	31e0d37c-9491-4009-af62-f7427a37b485	GET	/notes	undefined
20231125	18:41:27	05e8d876-1db6-4b95-9079-1c060f5512d2	GET	/users	http://localhost:3000
20231125	18:47:57	861d0a1f-57d1-4730-8570-bb5fe36e1e2c	GET	/users	http://localhost:3000
20231125	18:49:03	b77f0402-9b35-4b4c-9de3-5d395bed5c66	GET	/users	http://localhost:3000
20231125	18:49:05	0f2aeddf-8b66-4cee-b50b-c1088444bf57	GET	/users	http://localhost:3000
20231125	18:50:11	923268b4-edd3-4d65-939d-8a385c0d5486	GET	/users	http://localhost:3000
20231125	18:52:46	f77aa269-2278-4f2e-81d4-a151743c1172	GET	/users	http://localhost:3000
20231125	18:53:01	016172b8-d370-4013-bf02-20e5bd99f1d5	GET	/users	http://localhost:3000
20231125	18:53:10	4ae29e22-d974-41f9-a5ca-6a159325feac	GET	/users	http://localhost:3000
20231125	18:53:19	49bd2c88-d017-441f-986c-64b173a4ec4a	GET	/users	http://localhost:3000
20231125	18:55:36	f4c3d620-cc4a-4a61-b05a-a151e94a8cac	GET	/users	http://localhost:3000
20231125	18:55:58	1766eb27-6b0d-4aee-b219-3e16005d984c	GET	/users	http://localhost:3000
20231125	18:56:29	63d81fe7-8c33-4308-b34d-27a979e8e9d2	GET	/users	http://localhost:3000
20231125	19:00:09	48553226-9ffb-410d-b938-a6e573e5ccc0	GET	/users	undefined
20231125	19:01:32	a6b6c98f-d747-454f-97eb-12432b6a7e87	POST	/users	undefined
20231125	19:01:36	08e1e04c-0fd0-428b-a43c-df5dd470a9a2	GET	/users	undefined
20231125	19:02:58	a840757c-8ece-4fc8-94b2-c1d0cb9a45c2	GET	/users	http://localhost:3000
20231125	19:03:02	18fd2472-7ecf-43a8-8724-829ef50ae813	GET	/users	http://localhost:3000
20231125	19:04:45	03d3e02f-b54c-4216-b157-6b9dd95795a6	GET	/users	http://localhost:3000
20231125	19:04:48	4702d98a-8fec-4e74-b210-70cc3028c050	GET	/users	http://localhost:3000
20231125	19:05:18	cec45dda-5741-4413-8d56-b25307d8da4b	GET	/users	http://localhost:3000
20231125	19:06:54	a4de730d-e1b3-47e6-b1dd-7911bc95473a	GET	/users	http://localhost:3000
20231125	19:07:42	e1285f9b-0487-4657-a034-561eeb35bdaa	GET	/users	http://localhost:3000
20231125	19:08:17	78f5c5cc-50ec-4d46-a4a3-a34d159a6971	GET	/users	http://localhost:3000
20231125	19:08:24	7dd59f39-382f-4a88-9bf0-6a86078b447a	GET	/users	http://localhost:3000
20231125	19:08:44	b766dd30-ca6c-472b-b9f7-42bab0cea3ef	GET	/users	http://localhost:3000
20231125	19:08:47	68c437c6-dbb0-4cfe-a098-aa04be82daed	GET	/users	http://localhost:3000
20231125	19:12:25	bb07a4ef-58c1-4dfc-aeef-b4f24ab8efec	GET	/users	http://localhost:3000
20231125	19:12:33	5341cfef-c899-4054-8a5f-38aa1df1a7ce	GET	/users	http://localhost:3000
20231125	19:12:33	fcf278c7-58a3-4fa9-926d-d4acdde9824b	GET	/users	http://localhost:3000
20231125	19:12:37	77b33115-305b-4a0f-8b7b-7ecf5b17cd16	GET	/users	http://localhost:3000
20231125	19:21:43	461773d9-3391-4bf1-a778-350576c0bf21	GET	/users	http://localhost:3000
20231125	19:31:39	4a059e5e-151c-4622-aaa4-7bb58317887e	GET	/notes	http://localhost:3000
20231125	19:33:54	0e323e99-5ff3-4f0b-ab45-84302ebff481	GET	/notes	undefined
20231125	19:35:31	6cbcb396-1aa6-4abc-9a3e-bd99ad3782ab	GET	/notes	undefined
20231125	19:35:36	1f30bf87-b009-471e-bad1-8395c19034ab	POST	/notes	undefined
20231125	19:36:14	ee0cf8ee-d6b4-45d9-9e2d-ced9c4b7037b	POST	/notes	undefined
20231125	19:36:18	3a4528a2-2a30-4688-9b8d-dc2489b05371	GET	/notes	undefined
20231125	19:36:27	8527889f-12c0-469c-8cb7-974f8fe52954	GET	/notes	http://localhost:3000
20231125	19:37:11	c5440f9f-3241-4367-a975-ee05c63b3cdc	GET	/notes	http://localhost:3000
20231125	19:37:37	0d777f53-37c4-4400-8c87-352ddb40f10b	GET	/notes	undefined
20231125	19:37:50	543bf5bc-70f6-4744-b2f9-c0130cdf38b8	POST	/notes	undefined
20231125	19:37:54	8661a1f3-667d-48ce-b11e-da6049db5c0f	GET	/notes	http://localhost:3000
20231125	19:38:06	df63e37a-41be-4264-97a2-2331af0c8c26	GET	/notes	undefined
20231125	19:42:26	2775fff6-8b67-4ea1-b920-c48b73a8751c	PATCH	/notes	undefined
20231125	19:42:44	9315574d-9c13-4994-8995-001e941002cc	GET	/notes	undefined
20231125	19:43:05	14cd2eb9-ccc7-40e9-8928-d79ffe1595f1	GET	/notes	undefined
20231125	19:43:10	fa7a4bc3-7656-44ba-b037-c8bf3652287c	PATCH	/notes	undefined
20231125	19:43:24	0ff7f118-0000-4b9a-9c9f-398fe8f85af2	PATCH	/notes	undefined
20231125	19:43:32	3187b37e-b37f-4564-9791-9ad8bf8efe0c	GET	/notes	http://localhost:3000
20231125	19:47:50	28084984-93b1-4b72-b956-e22ab8a9bf04	GET	/notes	http://localhost:3000
20231125	19:47:53	231b6479-d891-4215-8dc0-a18f43449096	GET	/users	http://localhost:3000
20231125	19:48:01	2e3be905-2a50-48f7-a270-f21555a55122	GET	/users	http://localhost:3000
20231125	19:48:01	ca887e34-4b47-4a75-92fe-133f421a2388	GET	/users	http://localhost:3000
20231125	19:48:04	07044a90-ed16-4f6f-ae8d-664cd4b993cd	GET	/users	http://localhost:3000
20231125	19:50:25	d3066d75-e660-4409-a596-59d96d600ef3	GET	/notes	http://localhost:3000
20231125	19:50:27	4204405a-461e-464c-b241-fbb1545f2641	GET	/notes	http://localhost:3000
20231125	20:24:45	9f905c9d-7741-4a53-a4f1-acf285e72960	GET	/users	http://localhost:3000
20231125	20:32:52	d0156890-a17b-4099-ab63-ed5b461f70d2	GET	/notes	http://localhost:3000
20231125	20:32:52	e3ea11f1-b2ef-4b5f-ba31-dae58816a911	GET	/users	http://localhost:3000
20231125	20:33:10	f0f38474-1b9a-44b1-a480-bf5d08d10510	OPTIONS	/users	http://localhost:3000
20231125	20:33:10	7df1c06c-37dc-48f1-b53a-f863b14f5c9a	PATCH	/users	http://localhost:3000
20231125	20:33:11	8edec0a9-1c66-4f40-965d-1f82249481b5	GET	/users	http://localhost:3000
20231125	20:33:49	31959187-c986-4985-bbbd-159e5adbbeec	GET	/users	http://localhost:3000
20231125	20:33:49	704c1fd3-5dd2-4635-8c29-91042834372d	GET	/notes	http://localhost:3000
20231125	20:34:14	f8ba0a7c-5bf6-4e3d-94ad-85ff5e113f31	OPTIONS	/users	http://localhost:3000
20231125	20:34:14	26d1e7a0-1539-4e8d-8b79-0dc916948910	PATCH	/users	http://localhost:3000
20231125	20:34:14	a0ff86a5-8bd3-4fb1-a66e-9cdc105dcf96	GET	/users	http://localhost:3000
20231125	20:34:30	0e7330e8-0655-4d61-b153-b54dd2c186a0	OPTIONS	/users	http://localhost:3000
20231125	20:34:30	9cc2f0bc-9663-4a24-8463-ac28f0926195	PATCH	/users	http://localhost:3000
20231125	20:34:30	2c95ddff-f141-41b6-bfff-aaf9a9bf6145	GET	/users	http://localhost:3000
20231125	20:34:38	1ae3ce75-ec41-4310-b888-714cdb9cff22	OPTIONS	/users	http://localhost:3000
20231125	20:34:38	f2ae840e-f578-4620-b4ce-18d47e562a9c	PATCH	/users	http://localhost:3000
20231125	20:34:38	18bacf0b-7d9e-4326-9c00-757507fe8580	GET	/users	http://localhost:3000
20231125	20:35:46	e8fc6c00-235b-4b0b-8be6-85c9984acc92	OPTIONS	/users	http://localhost:3000
20231125	20:35:46	0789669e-091f-4f44-8ce2-ab4713c0e689	PATCH	/users	http://localhost:3000
20231125	20:35:46	4fec6896-7aab-4bfd-ad43-b45ebdd1a384	GET	/users	http://localhost:3000
20231125	20:40:32	48abc036-db7d-4042-b5ef-3e8804ff5fd0	GET	/users	http://localhost:3000
20231125	20:40:32	28831d86-d035-4072-9b12-14170deb068d	GET	/notes	http://localhost:3000
20231125	20:40:47	ced93c14-0594-4835-bbae-2db64b985d9a	GET	/users	http://localhost:3000
20231125	20:40:47	fcaed817-417e-44c5-a5bd-2d241f83a4c3	GET	/notes	http://localhost:3000
20231125	20:40:50	13fb9ab2-a923-4ac0-8102-f60b3727a763	GET	/users	http://localhost:3000
20231125	20:40:50	794049e9-87f9-47df-97fe-5b95fa5747ec	GET	/notes	http://localhost:3000
20231125	20:40:52	14636ae9-0382-4a55-8a24-f92b9a0690d0	GET	/users	http://localhost:3000
20231125	20:40:52	2cae5d34-74dd-4c8c-acaf-7ff84a661950	GET	/notes	http://localhost:3000
20231125	20:41:28	a1fec347-07f8-4215-8a32-37f590474a42	GET	/users	http://localhost:3000
20231125	20:41:41	3cb00642-4796-4f99-ad3e-695cc9ee7730	GET	/users	http://localhost:3000
20231125	20:42:42	9517fe43-152c-494f-abdd-b9eefddc5146	GET	/users	http://localhost:3000
20231125	20:43:43	07821abf-fb7c-4f66-bcb8-e6b52d36c038	GET	/users	http://localhost:3000
20231125	20:44:45	42e837e4-1f38-4540-9e6a-2f962ce5f325	GET	/users	http://localhost:3000
20231125	20:45:45	d17b5379-6e73-4c31-a1b5-a993124263e5	GET	/users	http://localhost:3000
20231125	20:46:46	2d8c8c73-c3a0-4e9c-b436-4a5d1eb77cdb	GET	/users	http://localhost:3000
20231125	20:47:47	c116273f-2088-4eb0-b36a-52edf8c0479f	GET	/users	http://localhost:3000
20231125	20:48:48	1d4abb59-62f5-4571-b0ea-0c22c7b40bb3	GET	/users	http://localhost:3000
20231125	20:49:40	0a9b80d7-5826-462e-8592-f02f8f188080	GET	/users	http://localhost:3000
20231125	21:35:20	cf7112d2-6874-46ba-811a-aca845eb90ea	POST	/auth	undefined
20231125	21:35:55	4cd8512d-4aa1-4ca5-a9c5-036f05f4ca4c	POST	/auth	undefined
20231125	21:37:24	b3e60b8b-d0e8-4440-acf7-c5c2256549e3	POST	/users	undefined
20231125	21:37:27	6b4e4212-e9da-4a85-93de-5e0cea8f6d21	POST	/users	undefined
20231125	21:37:43	5041cd98-0fb0-477c-8333-6b4210c9b103	POST	/users	undefined
20231125	21:40:27	f3459687-9df0-4cf3-aa8b-350496f84ef8	GET	/users	http://localhost:3000
20231125	21:40:27	b6ade864-8fee-41d3-aac7-da946eb8ebaa	GET	/notes	http://localhost:3000
20231126	13:56:15	59b2fd04-fbfb-49fe-9223-1f4fd4bc28ee	GET	/users	undefined
20231126	13:57:06	51dd89b5-10b8-42f7-b61c-867ede7d1860	GET	/users	undefined
20231126	13:57:24	a8112684-674e-4b09-877a-76f2c02d4373	POST	/users	undefined
20231126	13:57:50	daffa134-5fcd-4431-b63f-872ba3d42239	GET	/users	undefined
20231126	13:58:06	529334d3-72bf-4e71-9af4-fd12d31f82f8	POST	/auth	undefined
20231127	20:42:06	714867b0-98e3-4fa6-b70d-5ecf376e281c	POST	/auth	undefined
20231127	20:46:24	e00db856-acbc-485a-93e5-d4e1069924bb	POST	/auth	undefined
20231127	20:47:13	9a501364-9ffb-4729-b936-4db298eb06be	POST	/auth	undefined
20231127	20:48:02	3c0bd711-14c7-482d-812d-f0512bad4683	GET	/auth/refresh	undefined
20231127	20:49:23	027881ae-e135-4b55-b1bb-6563804296b2	GET	/auth/refresh	undefined
20231127	20:51:07	ea3d5ad3-1ea7-47a9-9b15-345f2bf5bebe	GET	/auth/refresh	undefined
20231127	20:51:08	0a83966f-9cf4-4819-a31f-73d06ddec240	GET	/auth/refresh	undefined
20231127	20:51:09	4b12ca4e-18d0-4877-89ff-5733684eedc7	GET	/auth/refresh	undefined
20231127	20:51:10	322c6a5b-aa19-4ad2-9166-099effae0ea3	GET	/auth/refresh	undefined
20231127	20:51:33	fbad09eb-aa90-4134-9b5f-634718b344d3	GET	/auth/refresh	undefined
20231127	20:51:35	8360fd10-0bb2-42bd-9598-f36d31ebb15a	GET	/auth/refresh	undefined
20231127	20:51:42	851d1f66-5d43-4976-9540-57388d2b896f	POST	/auth/	undefined
20231127	20:51:52	19110c30-5b0b-445e-965b-4310d5c42961	GET	/auth/refresh	undefined
20231127	20:52:01	1ff5a308-bc81-4e4c-b048-48fc778ffdff	GET	/auth/refresh	undefined
20231127	20:52:04	b35549ad-f88b-4f39-97b8-a43a8a8d1c53	GET	/auth/refresh	undefined
20231127	20:53:44	6bfcfa21-e511-4c9e-8bff-3fd72b6e72c3	GET	/auth/refresh	undefined
20231127	20:53:46	276ad11f-a1e8-421e-9356-769c57c93020	GET	/auth/refresh	undefined
20231127	20:53:48	2becaeeb-1e67-45d7-8de0-6e47cd65daa9	GET	/auth/refresh	undefined
20231127	20:53:49	c85f001f-85ee-4f74-b262-37cb6b9ccdde	GET	/auth/refresh	undefined
20231127	20:54:54	f23c53ef-51fb-42ae-8d3a-226b617a7013	POST	/auth/logout	undefined
20231127	20:55:08	f04f3393-6404-40e0-a8c7-91088900172a	POST	/auth/	undefined
20231127	20:56:33	99ff0bf0-bffc-4788-b60e-aea5f84aacfd	GET	/notes/	undefined
20231127	20:58:29	24b1c1ae-3747-471f-bdf7-f6bce427e794	POST	/auth/	undefined
20231127	20:58:34	a7776714-151f-46d0-b8c9-217a5b413dcc	POST	/auth/	undefined
20231127	20:59:09	dde6b599-d367-4eb2-b1f8-fc9cc3dd1035	GET	/notes/	undefined
20231127	21:19:01	bc9b09bd-8ad5-4544-99db-2183f95b51aa	GET	/users/	undefined
20231127	21:19:33	e12e946e-e757-496c-8881-c8d0e04e3ef1	GET	/users/	undefined
20231127	21:19:34	50b235c5-536a-40f2-a09c-bf122e121617	GET	/users/	undefined
20231127	21:19:43	0e91c1c9-1a50-43b3-a16f-d4ed39f6ec1b	POST	/auth/	undefined
20231127	21:20:04	379df533-18ef-45dc-9b30-b9b4ae1f0603	GET	/users/	undefined
20231127	21:21:04	1ac371d2-e27a-4e3d-be7d-958e725f65ec	POST	/notes/	undefined
20231127	21:21:22	2f82ea54-1975-44f0-9f5f-00b590431373	POST	/notes/	undefined
20231127	21:21:29	f9b50872-0eff-49c6-9a49-6d7554746325	POST	/notes/	undefined
20231127	21:21:40	41298d95-414b-4a90-81df-bfeb9deabfcc	POST	/notes/	undefined
20231127	21:22:04	0ffd1d29-3591-4a12-b51a-984b17e1932c	POST	/notes/	undefined
20231127	21:22:15	e2e71f77-2569-479f-849f-76d6c37f0e5c	POST	/notes/	undefined
20231127	21:22:25	a24fe69c-0940-4d1a-a8ef-faedc0ae68a5	POST	/notes/	undefined
20231127	21:23:13	3ab3ae2d-2017-4b64-88b7-7098f01049d4	POST	/notes/	undefined
20231127	21:23:20	6e04396a-f5cc-4ff5-8754-ce5d9bb82069	POST	/notes/	undefined
20231127	21:23:38	d0892638-23f1-42ba-ad54-e459c9de6166	POST	/notes/	undefined
20231127	21:23:39	d857658e-6192-48b3-bdee-a700e14b79f1	POST	/notes/	undefined
20231127	21:23:39	d5640536-99f7-4554-a50d-46cd16e2c6d9	POST	/notes/	undefined
20231127	21:23:40	d9b86d2c-1f33-490f-9910-1cb6cfa60a37	POST	/notes/	undefined
20231127	21:23:40	388dffdc-dbc7-449a-9f8d-2e9787da30ff	POST	/notes/	undefined
20231127	21:23:40	cca68dd4-039d-4ec2-8a91-553ceb0345ee	POST	/notes/	undefined
20231127	21:23:40	38548b4e-d76a-4f70-ad16-606a21158a88	POST	/notes/	undefined
20231127	21:23:40	e4fbbf04-7522-4ea0-9fd4-edd10e5e3af9	POST	/notes/	undefined
20231127	21:23:41	08e7a468-4485-4c15-8ed3-317021073219	POST	/notes/	undefined
20231127	21:23:41	b01275b2-16db-4ae3-9786-7c39e48f3104	POST	/notes/	undefined
20231127	21:23:41	b144da35-bd7f-4b90-92bf-4b84cd7240b1	POST	/notes/	undefined
20231127	21:23:41	03258aef-1ae8-499e-8f2c-85a7c47c17bf	POST	/notes/	undefined
20231127	21:24:19	ab5a786f-0cec-4db8-ab3e-9b74c3483f2a	POST	/notes/	undefined
20231127	21:24:38	ea6369d0-4ede-4385-b278-55895c1b7db4	POST	/notes/	undefined
20231127	21:24:42	ce230e4d-5f19-4b26-b5b2-ae2830add557	GET	/notes/	undefined
20231127	21:24:46	4e5d5d8c-b749-4685-bc8c-a39f96ca3eac	POST	/notes/	undefined
20231127	21:24:54	1a2bf6b4-67e9-4808-9af2-2767dcfb620a	GET	/notes/	undefined
20231127	21:25:09	465a54cf-dc3a-4148-a2ad-bd86231ec693	GET	/notes/	undefined
20231127	21:25:13	62930bfd-6861-4b45-9d16-eb5ac341998f	POST	/notes/	undefined
20231127	21:25:30	4fe3c518-4911-47df-9c5a-e8af2eca13b6	GET	/notes/	undefined
20231127	21:25:57	29ca4bf3-6a4e-4974-b040-9a9f422f7f58	POST	/notes/	undefined
20231127	21:25:59	764c93e0-8b28-47e3-9a63-b06ec16cd2d6	POST	/notes/	undefined
20231127	21:26:00	21838f3e-9a85-4823-a5a4-33e850a6b49a	POST	/notes/	undefined
20231127	21:26:55	e1f04992-0a07-4089-8204-0fb5b8bc37cf	POST	/notes/	undefined
20231127	21:26:56	ac2d88b9-9dab-417f-a4e4-b1f86902dbe4	POST	/notes/	undefined
20231127	21:26:57	7b7c5b0d-46d2-414a-b1e2-2c11e070c57a	POST	/notes/	undefined
20231127	21:26:58	f55e52b6-3ec2-4e75-9091-de146823b3f1	POST	/notes/	undefined
20231127	21:26:58	b6c13f35-0e56-48e5-bb9b-2daa9d819212	POST	/notes/	undefined
20231127	21:26:58	78842f64-55d8-4265-9487-4cde4e6f038f	POST	/notes/	undefined
20231127	21:26:59	d56154b6-4f40-4e14-9db6-28a59c9c81e3	POST	/notes/	undefined
20231127	21:26:59	5e6a69b2-8791-4e57-b117-871db115c86e	POST	/notes/	undefined
20231127	21:26:59	1405ddc8-8a4c-40ce-b7fc-39180681036a	POST	/notes/	undefined
20231127	21:28:05	5de6cab6-593f-46b8-b34c-562603f19c5a	GET	/notes	http://localhost:3000
20231127	21:28:05	492db98d-9d43-491b-94f9-cf783929de82	GET	/users	http://localhost:3000
20231127	21:28:42	e3d6d5dd-3da0-4a6a-a82d-8cbc4c24147d	POST	/auth/	undefined
20231127	21:30:07	669190b4-b5e1-43a8-9c87-e0b04ac95965	GET	/users	http://localhost:3000
20231127	21:30:07	c45135ac-98b2-43aa-9be9-0a9144d78eb3	GET	/notes	http://localhost:3000
20231127	21:30:33	754f70f6-9a13-4dc6-8bf3-d09043a179c0	OPTIONS	/notes	http://localhost:3000
20231127	21:30:33	b1005403-ea5a-483e-a10c-b154114324ce	POST	/notes	http://localhost:3000
20231127	21:30:41	33dbf49a-364b-4b65-a798-5c2098abff5a	GET	/notes	http://localhost:3000
20231127	21:31:00	4e5d2eb9-640a-442d-8401-1bb5d0c9eeca	OPTIONS	/notes	http://localhost:3000
20231127	21:31:00	90b1b0ba-b13d-4d79-89ec-4ada4a318f8a	POST	/notes	http://localhost:3000
20231127	21:31:07	31384e1b-f44e-4645-a901-e78e0358b371	GET	/notes	http://localhost:3000
20231127	21:31:10	f9d5d0db-d8e7-44cc-940d-579b601752fb	GET	/notes	http://localhost:3000
20231127	21:31:10	bff7ebd3-4971-4921-9c7c-3f19d6e6f593	GET	/users	http://localhost:3000
20231127	21:31:15	8b954f87-5dee-44db-a243-0d51cc8b3b80	GET	/users	http://localhost:3000
20231127	21:31:34	dd3fe390-fd9c-4d10-ab67-73d665d24c79	OPTIONS	/users	http://localhost:3000
20231127	21:31:34	996de8d5-6968-4f1b-af27-5c0e699924ff	PATCH	/users	http://localhost:3000
20231127	21:31:35	f374ed27-b4ba-4551-a94b-bba810c26710	GET	/users	http://localhost:3000
20231127	21:31:45	50e2a15a-2901-4657-b4b3-060f2bc6c388	GET	/notes	http://localhost:3000
20231127	21:32:19	7594ffee-f4b5-4c13-abe9-41b7d2041cf7	POST	/notes/	undefined
20231127	21:32:20	178d1f63-e82c-42f8-a3fe-103077575159	POST	/notes/	undefined
20231127	21:33:22	9dc477de-26f1-4807-a82f-3f7edab1f574	POST	/notes/	undefined
20231127	21:33:27	252e0a78-5ebc-456d-a44c-973ce2c931ff	POST	/notes/	undefined
20231127	21:34:52	85d6606b-8bba-43ae-9849-59878926d8bf	POST	/notes/	undefined
20231127	21:35:02	1ec92f54-c5c8-43f4-af53-53a584d1bc5d	POST	/auth/	undefined
20231127	21:35:06	cb85312e-9972-41f2-ac68-b4a701f26b20	POST	/auth/	undefined
20231127	21:35:07	19adbd9c-785d-455b-8df4-16e405a2598b	POST	/auth/	undefined
20231127	21:35:08	217fb9c9-268d-41eb-ad33-a3afb62dba8a	POST	/auth/	undefined
20231127	21:35:08	586574d9-0724-452f-945c-bb0bfbade1e3	POST	/auth/	undefined
20231127	21:35:08	bcf35899-deb7-45d7-a031-7e58c7ec335c	POST	/auth/	undefined
20231127	21:35:09	efaeda82-629d-44b7-919e-0115e2ea5889	POST	/auth/	undefined
20231127	21:35:21	b437dbaa-c854-4867-a924-91afb14a221a	POST	/auth/	undefined
20231127	21:35:23	c9706b9b-bffc-4875-ad16-df7e6b800fea	POST	/auth/	undefined
20231127	21:35:38	7fcd0f8c-6156-437e-9d1a-cea86c4914fc	POST	/auth/	undefined
20231127	21:36:24	45ae9f5c-7d4d-4675-ade7-9a6639ce3514	POST	/auth/	undefined
20231127	21:36:45	213c709f-fd8c-4d4d-848b-a8fc39ebe420	POST	/auth/	undefined
20231127	21:37:02	e52bc1e4-9646-48c9-9bdd-9f08f02e9228	POST	/auth/	undefined
20231127	21:37:36	7ff4fa51-e6a4-47b6-aa99-b20c2154a42b	POST	/notes/	undefined
20231127	21:47:45	3b0e93bd-cfdd-4ee0-b5d4-4d480ae8c262	POST	/notes/	undefined
20231127	21:51:33	6b3284d4-e266-41f2-9a04-cf23682f5b78	OPTIONS	/notes	http://localhost:3000
20231127	21:51:33	521fd247-5c6a-44d6-892d-73fad423cfca	POST	/notes	http://localhost:3000
20231127	21:51:33	1cc047d7-3f8f-4f0e-8f53-abf84b0b6db6	GET	/notes	http://localhost:3000
20231127	21:51:46	31c96deb-d4c5-410e-95ee-17029c6607a7	POST	/auth/	undefined
20231127	21:51:50	ff217fb8-fc49-4c5d-bced-a6a9b00947f6	OPTIONS	/notes	http://localhost:3000
20231127	21:51:50	b9a73cee-045f-45d3-9dba-bbc216973965	POST	/notes	http://localhost:3000
20231127	21:51:50	5985276a-77d9-4ebb-bfc2-d23066f90a0f	GET	/notes	http://localhost:3000
20231127	22:31:14	700ed705-02f1-41aa-97cf-9fe7798c3feb	GET	/users	http://localhost:3000
20231127	22:31:14	aba8d371-e44d-49db-8c62-d7def63652a4	GET	/notes	http://localhost:3000
20231127	22:33:24	9aa0c2e8-2cfa-4c20-9155-034422a305a0	GET	/users	http://localhost:3000
20231127	22:33:24	72f7c55f-50ac-4c3d-b645-5b65972efb9f	GET	/notes	http://localhost:3000
20231127	22:33:46	678814ff-d597-4f9f-883c-73f57e2e8f77	OPTIONS	/auth	http://localhost:3000
20231127	22:33:46	1d3d6696-bd71-4b39-91aa-ce44d780f53f	POST	/auth	http://localhost:3000
20231127	22:33:52	84304618-f609-4f92-90da-c7938d8412a6	GET	/notes	http://localhost:3000
20231127	22:33:52	e5f992be-0a68-45cc-9a14-450c1d0b26a3	GET	/users	http://localhost:3000
20231127	22:40:47	20137961-b279-4102-83c3-0c033f817c90	GET	/notes	http://localhost:3000
20231127	22:40:47	613762fe-7de3-4a4d-9ff9-cfeffa2ea20f	GET	/users	http://localhost:3000
